\BOOKMARK [1][-]{section.1}{\376\377\000T\000r\000a\000d\000i\000t\000i\000o\000n\000a\000l\000\040\000I\000T\000\040\000S\000o\000f\000t\000w\000a\000r\000e\000\040\000v\000s\000.\000\040\000P\000L\000C\000\040\000S\000o\000f\000t\000w\000a\000r\000e}{}% 1
\BOOKMARK [2][-]{subsection.1.1}{\376\377\000S\000t\000a\000n\000d\000a\000r\000d\000\040\000O\000S\000\040\000\050\000W\000i\000n\000d\000o\000w\000s\000\051}{section.1}% 2
\BOOKMARK [2][-]{subsection.1.2}{\376\377\000I\000n\000d\000u\000s\000t\000r\000i\000a\000l\000\040\000A\000u\000t\000o\000m\000a\000t\000i\000o\000n\000\040\000R\000e\000q\000u\000i\000r\000e\000m\000e\000n\000t}{section.1}% 3
\BOOKMARK [1][-]{section.2}{\376\377\000T\000w\000i\000n\000C\000A\000T\000\040\0003\000\040\000A\000r\000c\000h\000i\000t\000e\000c\000t\000u\000r\000e\000:\000\040\000R\000i\000n\000g\000\040\0000\000\040\000v\000s\000.\000\040\000R\000i\000n\000g\000\040\0003}{}% 4
\BOOKMARK [2][-]{subsection.2.1}{\376\377\000R\000i\000n\000g\000\040\0000\000\040\000\050\000K\000e\000r\000n\000e\000l\000\040\000M\000o\000d\000e\000\051}{section.2}% 5
\BOOKMARK [2][-]{subsection.2.2}{\376\377\000R\000i\000n\000g\000\040\0003\000\040\000\050\000U\000s\000e\000r\000\040\000M\000o\000d\000e\000\051}{section.2}% 6
\BOOKMARK [1][-]{section.3}{\376\377\000C\000P\000U\000\040\000C\000o\000r\000e\000\040\000M\000a\000n\000a\000g\000e\000m\000e\000n\000t}{}% 7
\BOOKMARK [2][-]{subsection.3.1}{\376\377\000S\000h\000a\000r\000e\000d\000\040\000C\000o\000r\000e\000s}{section.3}% 8
\BOOKMARK [2][-]{subsection.3.2}{\376\377\000I\000s\000o\000l\000a\000t\000e\000d\000\040\000C\000o\000r\000e\000s}{section.3}% 9
\BOOKMARK [1][-]{section.4}{\376\377\000H\000a\000r\000d\000w\000a\000r\000e\000\040\000a\000n\000d\000\040\000B\000I\000O\000S\000\040\000R\000e\000q\000u\000i\000r\000e\000m\000e\000n\000t\000s}{}% 10
\BOOKMARK [1][-]{section.5}{\376\377\000T\000w\000i\000n\000C\000A\000T\000\040\000P\000r\000o\000j\000e\000c\000t\000\040\000S\000t\000r\000u\000c\000t\000u\000r\000e}{}% 11
\BOOKMARK [2][-]{subsection.5.1}{\376\377\000S\000Y\000S\000T\000E\000M}{section.5}% 12
\BOOKMARK [2][-]{subsection.5.2}{\376\377\000P\000L\000C}{section.5}% 13
\BOOKMARK [2][-]{subsection.5.3}{\376\377\000I\000/\000O}{section.5}% 14
\BOOKMARK [2][-]{subsection.5.4}{\376\377\000P\000L\000C\000\040\000P\000r\000o\000j\000e\000c\000t\000\040\000F\000o\000l\000d\000e\000r\000s}{section.5}% 15
\BOOKMARK [1][-]{section.6}{\376\377\000R\000e\000a\000l\000-\000T\000i\000m\000e\000\040\000T\000a\000s\000k\000s\000\040\000a\000n\000d\000\040\000C\000y\000c\000l\000e\000\040\000T\000i\000m\000e}{}% 16
\BOOKMARK [1][-]{section.7}{\376\377\000H\000a\000n\000d\000s\000-\000o\000n\000:\000\040\000`\000`\000H\000e\000l\000l\000o\000\040\000W\000o\000r\000l\000d\000'\000'\000\040\000w\000i\000t\000h\000\040\000A\000D\000S\000L\000O\000G\000S\000T\000R}{}% 17
\BOOKMARK [2][-]{subsection.7.1}{\376\377\000A\000D\000S\000L\000O\000G\000S\000T\000R\000\040\000F\000u\000n\000c\000t\000i\000o\000n}{section.7}% 18
\BOOKMARK [2][-]{subsection.7.2}{\376\377\000S\000i\000n\000g\000l\000e\000-\000R\000u\000n\000\040\000L\000o\000g\000i\000c}{section.7}% 19
\BOOKMARK [1][-]{section.8}{\376\377\000L\000i\000c\000e\000n\000s\000i\000n\000g\000\040\000a\000n\000d\000\040\000D\000e\000b\000u\000g\000g\000i\000n\000g}{}% 20
\BOOKMARK [2][-]{subsection.8.1}{\376\377\000L\000i\000c\000e\000n\000s\000i\000n\000g}{section.8}% 21
\BOOKMARK [2][-]{subsection.8.2}{\376\377\000O\000n\000l\000i\000n\000e\000\040\000M\000o\000n\000i\000t\000o\000r\000i\000n\000g}{section.8}% 22
\BOOKMARK [1][-]{subsection.8.2}{\376\377\000Q\000u\000i\000c\000k\000\040\000R\000e\000f\000e\000r\000e\000n\000c\000e\000\040\000C\000a\000r\000d}{}% 23
