\BOOKMARK [1][-]{section.1}{\376\377\000T\000h\000e\000\040\000E\000v\000o\000l\000u\000t\000i\000o\000n\000\040\000o\000f\000\040\000P\000L\000C\000s}{}% 1
\BOOKMARK [2][-]{subsection.1.1}{\376\377\000P\000r\000e\000-\000P\000L\000C\000\040\000E\000r\000a}{section.1}% 2
\BOOKMARK [2][-]{subsection.1.2}{\376\377\000T\000h\000e\000\040\000F\000i\000r\000s\000t\000\040\000P\000L\000C\000s}{section.1}% 3
\BOOKMARK [2][-]{subsection.1.3}{\376\377\000P\000C\000-\000B\000a\000s\000e\000d\000\040\000C\000o\000n\000t\000r\000o\000l}{section.1}% 4
\BOOKMARK [1][-]{section.2}{\376\377\000T\000w\000i\000n\000C\000A\000T\000\040\0003\000\040\000A\000r\000c\000h\000i\000t\000e\000c\000t\000u\000r\000e}{}% 5
\BOOKMARK [2][-]{subsection.2.1}{\376\377\000X\000A\000E\000\040\000\050\000e\000X\000t\000e\000n\000d\000e\000d\000\040\000A\000u\000t\000o\000m\000a\000t\000i\000o\000n\000\040\000E\000n\000g\000i\000n\000e\000e\000r\000i\000n\000g\000\051}{section.2}% 6
\BOOKMARK [2][-]{subsection.2.2}{\376\377\000X\000A\000R\000\040\000\050\000e\000X\000t\000e\000n\000d\000e\000d\000\040\000A\000u\000t\000o\000m\000a\000t\000i\000o\000n\000\040\000R\000u\000n\000t\000i\000m\000e\000\051}{section.2}% 7
\BOOKMARK [1][-]{section.3}{\376\377\000I\000n\000s\000t\000a\000l\000l\000a\000t\000i\000o\000n\000\040\000a\000n\000d\000\040\000D\000e\000v\000e\000l\000o\000p\000m\000e\000n\000t\000\040\000E\000n\000v\000i\000r\000o\000n\000m\000e\000n\000t}{}% 8
\BOOKMARK [2][-]{subsection.3.1}{\376\377\000T\000c\000X\000a\000e\000S\000h\000e\000l\000l}{section.3}% 9
\BOOKMARK [2][-]{subsection.3.2}{\376\377\000V\000i\000s\000u\000a\000l\000\040\000S\000t\000u\000d\000i\000o\000\040\000I\000n\000t\000e\000g\000r\000a\000t\000i\000o\000n}{section.3}% 10
\BOOKMARK [2][-]{subsection.3.3}{\376\377\000L\000i\000c\000e\000n\000s\000i\000n\000g}{section.3}% 11
\BOOKMARK [2][-]{subsection.3.4}{\376\377\000L\000o\000c\000a\000l\000\040\000E\000x\000e\000c\000u\000t\000i\000o\000n}{section.3}% 12
\BOOKMARK [1][-]{section.4}{\376\377\000S\000y\000s\000t\000e\000m\000\040\000S\000t\000a\000t\000e\000s\000\040\000a\000n\000d\000\040\000O\000p\000e\000r\000a\000t\000i\000n\000g\000\040\000M\000o\000d\000e\000s}{}% 13
\BOOKMARK [2][-]{subsection.4.1}{\376\377\000B\000l\000u\000e\000\040\000\050\000C\000O\000N\000F\000I\000G\000\040\000M\000o\000d\000e\000\051}{section.4}% 14
\BOOKMARK [2][-]{subsection.4.2}{\376\377\000G\000r\000e\000e\000n\000\040\000\050\000R\000U\000N\000\040\000M\000o\000d\000e\000\051}{section.4}% 15
\BOOKMARK [2][-]{subsection.4.3}{\376\377\000Y\000e\000l\000l\000o\000w\000\040\000\050\000S\000T\000O\000P\000/\000E\000X\000C\000E\000P\000T\000I\000O\000N\000\040\000M\000o\000d\000e\000\051}{section.4}% 16
\BOOKMARK [1][-]{section.5}{\376\377\000C\000o\000n\000n\000e\000c\000t\000i\000v\000i\000t\000y\000\040\000a\000n\000d\000\040\000A\000c\000t\000u\000a\000t\000i\000o\000n}{}% 17
\BOOKMARK [2][-]{subsection.5.1}{\376\377\000S\000e\000n\000s\000o\000r\000s}{section.5}% 18
\BOOKMARK [2][-]{subsection.5.2}{\376\377\000A\000c\000t\000u\000a\000t\000o\000r\000s}{section.5}% 19
\BOOKMARK [2][-]{subsection.5.3}{\376\377\000C\000o\000m\000m\000u\000n\000i\000c\000a\000t\000i\000o\000n}{section.5}% 20
\BOOKMARK [1][-]{figure.2}{\376\377\000Q\000u\000i\000c\000k\000\040\000R\000e\000f\000e\000r\000e\000n\000c\000e\000\040\000C\000a\000r\000d}{}% 21
