\BOOKMARK [1][-]{section.1}{\376\377\000I\000n\000t\000r\000o\000d\000u\000c\000t\000i\000o\000n\000\040\000t\000o\000\040\000V\000a\000r\000i\000a\000b\000l\000e\000s\000\040\000a\000n\000d\000\040\000S\000t\000a\000t\000i\000c\000\040\000T\000y\000p\000i\000n\000g}{}% 1
\BOOKMARK [2][-]{subsection.1.1}{\376\377\000V\000a\000r\000i\000a\000b\000l\000e\000s\000\040\000a\000s\000\040\000C\000o\000n\000t\000a\000i\000n\000e\000r\000s}{section.1}% 2
\BOOKMARK [2][-]{subsection.1.2}{\376\377\000S\000t\000a\000t\000i\000c\000\040\000v\000s\000.\000\040\000D\000y\000n\000a\000m\000i\000c\000\040\000T\000y\000p\000i\000n\000g}{section.1}% 3
\BOOKMARK [2][-]{subsection.1.3}{\376\377\000D\000e\000c\000l\000a\000r\000a\000t\000i\000o\000n\000\040\000B\000l\000o\000c\000k}{section.1}% 4
\BOOKMARK [1][-]{section.2}{\376\377\000S\000t\000a\000n\000d\000a\000r\000d\000\040\000D\000a\000t\000a\000\040\000T\000y\000p\000e\000s}{}% 5
\BOOKMARK [2][-]{subsection.2.1}{\376\377\000I\000n\000t\000e\000g\000e\000r\000\040\000a\000n\000d\000\040\000B\000i\000t\000-\000O\000r\000i\000e\000n\000t\000e\000d\000\040\000T\000y\000p\000e\000s}{section.2}% 6
\BOOKMARK [3][-]{subsubsection.2.1.1}{\376\377\000I\000n\000t\000e\000g\000e\000r\000\040\000S\000i\000z\000e\000s}{subsection.2.1}% 7
\BOOKMARK [3][-]{subsubsection.2.1.2}{\376\377\000B\000a\000s\000e\000\040\000N\000o\000t\000a\000t\000i\000o\000n}{subsection.2.1}% 8
\BOOKMARK [3][-]{subsubsection.2.1.3}{\376\377\000B\000i\000t\000\040\000A\000c\000c\000e\000s\000s\000i\000n\000g}{subsection.2.1}% 9
\BOOKMARK [2][-]{subsection.2.2}{\376\377\000F\000l\000o\000a\000t\000i\000n\000g\000\040\000P\000o\000i\000n\000t\000\040\000a\000n\000d\000\040\000S\000t\000r\000i\000n\000g\000s}{section.2}% 10
\BOOKMARK [2][-]{subsection.2.3}{\376\377\000T\000i\000m\000e\000\040\000a\000n\000d\000\040\000D\000a\000t\000e}{section.2}% 11
\BOOKMARK [1][-]{section.3}{\376\377\000U\000s\000e\000r\000-\000D\000e\000f\000i\000n\000e\000d\000\040\000T\000y\000p\000e\000s\000:\000\040\000E\000n\000u\000m\000e\000r\000a\000t\000i\000o\000n\000s\000\040\000\050\000E\000N\000U\000M\000s\000\051}{}% 12
\BOOKMARK [2][-]{subsection.3.1}{\376\377\000D\000e\000f\000i\000n\000i\000t\000i\000o\000n}{section.3}% 13
\BOOKMARK [2][-]{subsection.3.2}{\376\377\000K\000e\000y\000\040\000P\000o\000i\000n\000t\000s}{section.3}% 14
\BOOKMARK [1][-]{section.4}{\376\377\000M\000e\000m\000o\000r\000y\000\040\000O\000p\000e\000r\000a\000t\000i\000o\000n\000s\000\040\000a\000n\000d\000\040\000S\000I\000Z\000E\000O\000F}{}% 15
\BOOKMARK [2][-]{subsection.4.1}{\376\377\000M\000e\000m\000o\000r\000y\000\040\000A\000l\000l\000o\000c\000a\000t\000i\000o\000n}{section.4}% 16
\BOOKMARK [2][-]{subsection.4.2}{\376\377\000S\000I\000Z\000E\000O\000F\000\040\000O\000p\000e\000r\000a\000t\000o\000r}{section.4}% 17
\BOOKMARK [1][-]{section.5}{\376\377\000P\000o\000i\000n\000t\000e\000r\000s\000\040\000v\000s\000.\000\040\000R\000e\000f\000e\000r\000e\000n\000c\000e\000s}{}% 18
\BOOKMARK [2][-]{subsection.5.1}{\376\377\000P\000o\000i\000n\000t\000e\000r\000s}{section.5}% 19
\BOOKMARK [3][-]{subsubsection.5.1.1}{\376\377\000O\000p\000e\000r\000a\000t\000o\000r\000s}{subsection.5.1}% 20
\BOOKMARK [3][-]{subsubsection.5.1.2}{\376\377\000R\000i\000s\000k\000s}{subsection.5.1}% 21
\BOOKMARK [2][-]{subsection.5.2}{\376\377\000R\000e\000f\000e\000r\000e\000n\000c\000e\000s}{section.5}% 22
\BOOKMARK [3][-]{subsubsection.5.2.1}{\376\377\000O\000p\000e\000r\000a\000t\000o\000r\000s}{subsection.5.2}% 23
\BOOKMARK [3][-]{subsubsection.5.2.2}{\376\377\000A\000d\000v\000a\000n\000t\000a\000g\000e\000s}{subsection.5.2}% 24
\BOOKMARK [3][-]{subsubsection.5.2.3}{\376\377\000S\000a\000f\000e\000t\000y\000\040\000C\000h\000e\000c\000k}{subsection.5.2}% 25
\BOOKMARK [1][-]{section.6}{\376\377\000A\000r\000r\000a\000y\000s}{}% 26
\BOOKMARK [2][-]{subsection.6.1}{\376\377\000D\000e\000f\000i\000n\000i\000t\000i\000o\000n}{section.6}% 27
\BOOKMARK [2][-]{subsection.6.2}{\376\377\000K\000e\000y\000\040\000F\000e\000a\000t\000u\000r\000e\000s}{section.6}% 28
\BOOKMARK [2][-]{subsection.6.3}{\376\377\0002\000D\000\040\000A\000r\000r\000a\000y\000\040\000D\000e\000c\000l\000a\000r\000a\000t\000i\000o\000n\000\040\000C\000o\000m\000p\000a\000r\000i\000s\000o\000n}{section.6}% 29
\BOOKMARK [1][-]{section.7}{\376\377\000T\000y\000p\000e\000\040\000C\000o\000n\000v\000e\000r\000s\000i\000o\000n}{}% 30
\BOOKMARK [2][-]{subsection.7.1}{\376\377\000I\000m\000p\000l\000i\000c\000i\000t\000\040\000v\000s\000.\000\040\000E\000x\000p\000l\000i\000c\000i\000t\000\040\000C\000o\000n\000v\000e\000r\000s\000i\000o\000n}{section.7}% 31
\BOOKMARK [2][-]{subsection.7.2}{\376\377\000D\000a\000t\000a\000\040\000L\000o\000s\000s\000\040\000W\000a\000r\000n\000i\000n\000g}{section.7}% 32
\BOOKMARK [2][-]{subsection.7.3}{\376\377\000C\000o\000m\000m\000o\000n\000\040\000C\000o\000n\000v\000e\000r\000s\000i\000o\000n\000\040\000O\000p\000e\000r\000a\000t\000o\000r\000s}{section.7}% 33
\BOOKMARK [1][-]{table.13}{\376\377\000Q\000u\000i\000c\000k\000\040\000R\000e\000f\000e\000r\000e\000n\000c\000e\000\040\000C\000a\000r\000d}{}% 34
