\BOOKMARK [1][-]{section.1}{\376\377\000I\000n\000t\000r\000o\000d\000u\000c\000t\000i\000o\000n\000\040\000t\000o\000\040\000A\000D\000S}{}% 1
\BOOKMARK [2][-]{subsection.1.1}{\376\377\000I\000n\000t\000e\000r\000n\000a\000l\000\040\000U\000s\000e\000s}{section.1}% 2
\BOOKMARK [2][-]{subsection.1.2}{\376\377\000E\000x\000t\000e\000r\000n\000a\000l\000\040\000U\000s\000e\000s}{section.1}% 3
\BOOKMARK [2][-]{subsection.1.3}{\376\377\000P\000r\000o\000t\000o\000c\000o\000l\000\040\000D\000e\000t\000a\000i\000l\000s}{section.1}% 4
\BOOKMARK [1][-]{section.2}{\376\377\000A\000d\000d\000r\000e\000s\000s\000i\000n\000g\000:\000\040\000A\000m\000s\000N\000e\000t\000I\000d\000\040\000a\000n\000d\000\040\000P\000o\000r\000t\000s}{}% 5
\BOOKMARK [2][-]{subsection.2.1}{\376\377\000A\000m\000s\000N\000e\000t\000I\000d}{section.2}% 6
\BOOKMARK [2][-]{subsection.2.2}{\376\377\000A\000D\000S\000\040\000P\000o\000r\000t\000s}{section.2}% 7
\BOOKMARK [2][-]{subsection.2.3}{\376\377\000A\000D\000S\000\040\000M\000e\000s\000s\000a\000g\000e\000\040\000R\000o\000u\000t\000e\000r}{section.2}% 8
\BOOKMARK [1][-]{section.3}{\376\377\000A\000D\000S\000\040\000P\000a\000c\000k\000e\000t\000\040\000S\000t\000r\000u\000c\000t\000u\000r\000e}{}% 9
\BOOKMARK [2][-]{subsection.3.1}{\376\377\000P\000a\000c\000k\000e\000t\000\040\000L\000a\000y\000e\000r\000s}{section.3}% 10
\BOOKMARK [2][-]{subsection.3.2}{\376\377\000I\000n\000d\000e\000x\000\040\000G\000r\000o\000u\000p\000s\000\040\000f\000o\000r\000\040\000P\000L\000C\000\040\000A\000c\000c\000e\000s\000s}{section.3}% 11
\BOOKMARK [1][-]{section.4}{\376\377\000P\000r\000a\000c\000t\000i\000c\000a\000l\000\040\000I\000m\000p\000l\000e\000m\000e\000n\000t\000a\000t\000i\000o\000n\000:\000\040\000.\000N\000E\000T\000\040\000/\000\040\000C\000\043\000\040\000\050\000W\000i\000n\000d\000o\000w\000s\000\051}{}% 12
\BOOKMARK [2][-]{subsection.4.1}{\376\377\000L\000i\000b\000r\000a\000r\000y\000\040\000I\000n\000t\000e\000g\000r\000a\000t\000i\000o\000n}{section.4}% 13
\BOOKMARK [2][-]{subsection.4.2}{\376\377\000S\000y\000m\000b\000o\000l\000i\000c\000\040\000A\000c\000c\000e\000s\000s}{section.4}% 14
\BOOKMARK [1][-]{section.5}{\376\377\000P\000r\000a\000c\000t\000i\000c\000a\000l\000\040\000I\000m\000p\000l\000e\000m\000e\000n\000t\000a\000t\000i\000o\000n\000:\000\040\000C\000+\000+\000\040\000\050\000L\000i\000n\000u\000x\000\051}{}% 15
\BOOKMARK [2][-]{subsection.5.1}{\376\377\000C\000o\000m\000p\000i\000l\000a\000t\000i\000o\000n}{section.5}% 16
\BOOKMARK [2][-]{subsection.5.2}{\376\377\000R\000e\000v\000e\000r\000s\000e\000\040\000R\000o\000u\000t\000i\000n\000g}{section.5}% 17
\BOOKMARK [2][-]{subsection.5.3}{\376\377\000C\000+\000+\000\040\000A\000P\000I}{section.5}% 18
\BOOKMARK [1][-]{section.6}{\376\377\000S\000u\000m\000m\000a\000r\000y\000\040\000o\000f\000\040\000B\000e\000n\000e\000f\000i\000t\000s}{}% 19
\BOOKMARK [1][-]{table.5}{\376\377\000Q\000u\000i\000c\000k\000\040\000R\000e\000f\000e\000r\000e\000n\000c\000e\000\040\000C\000a\000r\000d}{}% 20
